<?xml version="1.0" encoding="UTF-8"?>
<!-- Generated by org.testng.reporters.JUnitReportReporter -->
<testsuite hostname="Robert" failures="0" tests="1" name="com.w2a.testcases.OpenAccountTest" time="2.810" errors="0" timestamp="18 Aug 2024 11:27:27 GMT" skipped="0">
  <testcase classname="com.w2a.testcases.OpenAccountTest" name="openAccountTest" time="2.810"/>
</testsuite> <!-- com.w2a.testcases.OpenAccountTest -->
