<?xml version="1.0" encoding="UTF-8"?>
<!-- Generated by org.testng.reporters.JUnitReportReporter -->
<testsuite hostname="Robert" failures="0" tests="4" name="com.w2a.testcases.AddCustomerTest" time="14.106" errors="0" timestamp="18 Aug 2024 11:27:27 GMT" skipped="1">
  <testcase classname="com.w2a.testcases.AddCustomerTest" name="addCustomerTest" time="4.887"/>
  <testcase classname="com.w2a.testcases.AddCustomerTest" name="addCustomerTest" time="4.672"/>
  <testcase classname="com.w2a.testcases.AddCustomerTest" name="addCustomerTest" time="4.547"/>
  <testcase classname="com.w2a.testcases.AddCustomerTest" name="addCustomerTest" time="0.000">
    <skipped/>
  </testcase> <!-- addCustomerTest -->
</testsuite> <!-- com.w2a.testcases.AddCustomerTest -->
